0 info it worked if it ends with ok
1 verbose cli [ '/home/n0m4dz/.nvm/versions/node/v5.4.1/bin/node',
1 verbose cli   '/home/n0m4dz/.nvm/versions/node/v5.4.1/bin/npm',
1 verbose cli   'install',
1 verbose cli   'react-hot' ]
2 info using npm@3.3.12
3 info using node@v5.4.1
4 silly loadCurrentTree Starting
5 silly install loadCurrentTree
6 silly install readLocalPackageData
7 silly fetchPackageMetaData react-hot
8 silly fetchNamedPackageData react-hot
9 silly mapToRegistry name react-hot
10 silly mapToRegistry using default registry
11 silly mapToRegistry registry https://registry.npmjs.org/
12 silly mapToRegistry uri https://registry.npmjs.org/react-hot
13 verbose request uri https://registry.npmjs.org/react-hot
14 verbose request no auth needed
15 info attempt registry request try #1 at 12:31:09 PM
16 verbose request id a0c1e20b7f92836e
17 http request GET https://registry.npmjs.org/react-hot
18 http 404 https://registry.npmjs.org/react-hot
19 verbose headers { server: 'CouchDB/1.5.0 (Erlang OTP/R16B03)',
19 verbose headers   etag: '"5RCGCXJOSJEPDJFRISTTHF57T"',
19 verbose headers   'content-type': 'application/json',
19 verbose headers   'cache-control': 'max-age=0',
19 verbose headers   'content-length': '564',
19 verbose headers   'accept-ranges': 'bytes',
19 verbose headers   date: 'Tue, 26 Jan 2016 04:31:10 GMT',
19 verbose headers   via: '1.1 varnish',
19 verbose headers   age: '0',
19 verbose headers   connection: 'keep-alive',
19 verbose headers   'x-served-by': 'cache-lax1431-LAX',
19 verbose headers   'x-cache': 'MISS',
19 verbose headers   'x-cache-hits': '0',
19 verbose headers   'x-timer': 'S1453782670.201190,VS0,VE47',
19 verbose headers   vary: 'Accept' }
20 silly get cb [ 404,
20 silly get   { server: 'CouchDB/1.5.0 (Erlang OTP/R16B03)',
20 silly get     etag: '"5RCGCXJOSJEPDJFRISTTHF57T"',
20 silly get     'content-type': 'application/json',
20 silly get     'cache-control': 'max-age=0',
20 silly get     'content-length': '564',
20 silly get     'accept-ranges': 'bytes',
20 silly get     date: 'Tue, 26 Jan 2016 04:31:10 GMT',
20 silly get     via: '1.1 varnish',
20 silly get     age: '0',
20 silly get     connection: 'keep-alive',
20 silly get     'x-served-by': 'cache-lax1431-LAX',
20 silly get     'x-cache': 'MISS',
20 silly get     'x-cache-hits': '0',
20 silly get     'x-timer': 'S1453782670.201190,VS0,VE47',
20 silly get     vary: 'Accept' } ]
21 silly fetchPackageMetaData Error: Registry returned 404 for GET on https://registry.npmjs.org/react-hot
21 silly fetchPackageMetaData     at makeError (/home/n0m4dz/.nvm/versions/node/v5.4.1/lib/node_modules/npm/node_modules/npm-registry-client/lib/request.js:264:12)
21 silly fetchPackageMetaData     at CachingRegistryClient.<anonymous> (/home/n0m4dz/.nvm/versions/node/v5.4.1/lib/node_modules/npm/node_modules/npm-registry-client/lib/request.js:242:14)
21 silly fetchPackageMetaData     at Request._callback (/home/n0m4dz/.nvm/versions/node/v5.4.1/lib/node_modules/npm/node_modules/npm-registry-client/lib/request.js:172:14)
21 silly fetchPackageMetaData     at Request.self.callback (/home/n0m4dz/.nvm/versions/node/v5.4.1/lib/node_modules/npm/node_modules/request/request.js:198:22)
21 silly fetchPackageMetaData     at emitTwo (events.js:87:13)
21 silly fetchPackageMetaData     at Request.emit (events.js:172:7)
21 silly fetchPackageMetaData     at Request.<anonymous> (/home/n0m4dz/.nvm/versions/node/v5.4.1/lib/node_modules/npm/node_modules/request/request.js:1082:10)
21 silly fetchPackageMetaData     at emitOne (events.js:82:20)
21 silly fetchPackageMetaData     at Request.emit (events.js:169:7)
21 silly fetchPackageMetaData     at IncomingMessage.<anonymous> (/home/n0m4dz/.nvm/versions/node/v5.4.1/lib/node_modules/npm/node_modules/request/request.js:1009:12)
21 silly fetchPackageMetaData  error for react-hot { [Error: Registry returned 404 for GET on https://registry.npmjs.org/react-hot] pkgid: 'react-hot', statusCode: 404, code: 'E404' }
22 silly rollbackFailedOptional Starting
23 silly rollbackFailedOptional Finishing
24 silly runTopLevelLifecycles Starting
25 silly runTopLevelLifecycles Finishing
26 silly install printInstalled
27 verbose stack Error: Registry returned 404 for GET on https://registry.npmjs.org/react-hot
27 verbose stack     at makeError (/home/n0m4dz/.nvm/versions/node/v5.4.1/lib/node_modules/npm/node_modules/npm-registry-client/lib/request.js:264:12)
27 verbose stack     at CachingRegistryClient.<anonymous> (/home/n0m4dz/.nvm/versions/node/v5.4.1/lib/node_modules/npm/node_modules/npm-registry-client/lib/request.js:242:14)
27 verbose stack     at Request._callback (/home/n0m4dz/.nvm/versions/node/v5.4.1/lib/node_modules/npm/node_modules/npm-registry-client/lib/request.js:172:14)
27 verbose stack     at Request.self.callback (/home/n0m4dz/.nvm/versions/node/v5.4.1/lib/node_modules/npm/node_modules/request/request.js:198:22)
27 verbose stack     at emitTwo (events.js:87:13)
27 verbose stack     at Request.emit (events.js:172:7)
27 verbose stack     at Request.<anonymous> (/home/n0m4dz/.nvm/versions/node/v5.4.1/lib/node_modules/npm/node_modules/request/request.js:1082:10)
27 verbose stack     at emitOne (events.js:82:20)
27 verbose stack     at Request.emit (events.js:169:7)
27 verbose stack     at IncomingMessage.<anonymous> (/home/n0m4dz/.nvm/versions/node/v5.4.1/lib/node_modules/npm/node_modules/request/request.js:1009:12)
28 verbose statusCode 404
29 verbose pkgid react-hot
30 verbose cwd /home/n0m4dz/Workspace/laravel/solarcms/solar/modules/user-manager/src/Assets
31 error Linux 4.2.0-23-generic
32 error argv "/home/n0m4dz/.nvm/versions/node/v5.4.1/bin/node" "/home/n0m4dz/.nvm/versions/node/v5.4.1/bin/npm" "install" "react-hot"
33 error node v5.4.1
34 error npm  v3.3.12
35 error code E404
36 error 404 Registry returned 404 for GET on https://registry.npmjs.org/react-hot
36 error 404
36 error 404 'react-hot' is not in the npm registry.
36 error 404 You should bug the author to publish it (or use the name yourself!)
36 error 404
36 error 404 Note that you can also install from a
36 error 404 tarball, folder, http url, or git url.
37 verbose exit [ 1, true ]
